16/02/2023 06:24:14 pm - IMG CRON - Image: 258721, Task: 109, Done
25/02/2023 04:40:33 am - IMG CRON - Image: 258750, Task: 122, Done
25/02/2023 04:40:44 am - IMG CRON - Image: 258749, Task: 121, Done
25/02/2023 04:40:44 am - IMG CRON - Image: 258748, Task: 120, Done
25/02/2023 04:40:44 am - IMG CRON - Image: 258743, Task: 115, Done
25/02/2023 04:51:33 am - IMG CRON - Image: 258744, Task: 116, Done
25/02/2023 04:51:33 am - IMG CRON - Image: 258745, Task: 117, Done
25/02/2023 04:51:33 am - IMG CRON - Image: 258746, Task: 118, Done
25/02/2023 04:51:34 am - IMG CRON - Image: 258747, Task: 119, Done
26/02/2023 02:27:12 am - IMG CRON - Image: 258742, Task: 114, Done
26/02/2023 02:27:14 am - IMG CRON - Image: 258741, Task: 113, Done
26/02/2023 02:27:29 am - IMG CRON - Image: 258740, Task: 112, Done
26/02/2023 02:27:31 am - IMG CRON - Image: 258738, Task: 110, Done
26/02/2023 02:35:04 am - IMG CRON - Image: 258739, Task: 111, Done
26/02/2023 03:27:28 am - IMG CRON - Image: 258768, Task: 123, Done
26/02/2023 03:52:48 am - IMG CRON - Image: 258769, Task: 124, Done
26/02/2023 05:09:04 am - IMG CRON - Image: 258771, Task: 126, Done
26/02/2023 05:09:04 am - IMG CRON - Image: 258770, Task: 125, Fail, 0
26/02/2023 06:23:40 am - IMG CRON - Image: 258796, Task: 132, Done
26/02/2023 06:24:12 am - IMG CRON - Image: 258795, Task: 131, Done
26/02/2023 06:24:41 am - IMG CRON - Image: 258793, Task: 129, Done
26/02/2023 06:24:46 am - IMG CRON - Image: 258794, Task: 130, Done
26/02/2023 06:47:36 am - IMG CRON - Image: 258792, Task: 128, Fail, 0
26/02/2023 06:47:36 am - IMG CRON - Image: 258782, Task: 127, Fail, Array
(
)

28/02/2023 12:45:18 am - IMG CRON - Image: 258820, Task: 133, Fail, Array
(
)

28/02/2023 01:43:07 am - IMG CRON - Image: 258823, Task: 134, Done
28/02/2023 02:37:38 am - IMG CRON - Image: 258826, Task: 135, Done
12/03/2023 07:18:56 am - IMG CRON - Image: 258892, Task: 146, Done
12/03/2023 07:18:58 am - IMG CRON - Image: 258891, Task: 145, Done
12/03/2023 07:18:59 am - IMG CRON - Image: 258889, Task: 143, Done
12/03/2023 07:19:00 am - IMG CRON - Image: 258890, Task: 144, Done
12/03/2023 07:22:14 am - IMG CRON - Image: 258887, Task: 141, Done
12/03/2023 07:22:15 am - IMG CRON - Image: 258888, Task: 142, Done
12/03/2023 07:22:16 am - IMG CRON - Image: 258883, Task: 137, Done
12/03/2023 07:22:17 am - IMG CRON - Image: 258884, Task: 138, Done
13/03/2023 12:30:28 am - IMG CRON - Image: 258885, Task: 139, Done
13/03/2023 12:30:29 am - IMG CRON - Image: 258886, Task: 140, Done
13/03/2023 12:30:49 am - IMG CRON - Image: 258882, Task: 136, Done
13/03/2023 02:40:29 am - IMG CRON - Image: 258905, Task: 153, Done
13/03/2023 02:40:29 am - IMG CRON - Image: 258906, Task: 154, Done
13/03/2023 02:40:29 am - IMG CRON - Image: 258907, Task: 155, Done
13/03/2023 02:40:29 am - IMG CRON - Image: 258908, Task: 156, Done
13/03/2023 02:50:38 am - IMG CRON - Image: 258904, Task: 152, Done
13/03/2023 02:50:51 am - IMG CRON - Image: 258900, Task: 148, Done
13/03/2023 02:50:51 am - IMG CRON - Image: 258901, Task: 149, Done
13/03/2023 02:50:52 am - IMG CRON - Image: 258902, Task: 150, Done
13/03/2023 03:44:37 am - IMG CRON - Image: 258931, Task: 162, Done
13/03/2023 03:44:39 am - IMG CRON - Image: 258930, Task: 161, Done
13/03/2023 03:44:40 am - IMG CRON - Image: 258929, Task: 160, Done
13/03/2023 03:44:40 am - IMG CRON - Image: 258922, Task: 159, Fail, 0
13/03/2023 04:08:29 am - IMG CRON - Image: 258921, Task: 158, Fail, 0
13/03/2023 04:08:29 am - IMG CRON - Image: 258919, Task: 157, Fail, 0
13/03/2023 04:08:29 am - IMG CRON - Image: 258903, Task: 151, Fail, 0
13/03/2023 04:08:29 am - IMG CRON - Image: 258899, Task: 147, Fail, 0
13/03/2023 04:33:27 am - IMG CRON - Image: 258957, Task: 163, Done
13/03/2023 04:39:36 am - IMG CRON - Image: 258963, Task: 164, Done
13/03/2023 04:44:36 am - IMG CRON - Image: 258964, Task: 165, Done
13/03/2023 05:21:45 am - IMG CRON - Image: 258975, Task: 167, Done
13/03/2023 05:22:36 am - IMG CRON - Image: 258968, Task: 166, Done
13/03/2023 10:00:04 pm - IMG CRON - Image: 258989, Task: 175, Done
13/03/2023 10:00:19 pm - IMG CRON - Image: 258988, Task: 174, Done
13/03/2023 10:00:20 pm - IMG CRON - Image: 258987, Task: 173, Done
13/03/2023 10:00:21 pm - IMG CRON - Image: 258982, Task: 168, Done
13/03/2023 10:05:06 pm - IMG CRON - Image: 258983, Task: 169, Done
13/03/2023 10:05:06 pm - IMG CRON - Image: 258984, Task: 170, Done
13/03/2023 10:05:07 pm - IMG CRON - Image: 258985, Task: 171, Done
13/03/2023 10:05:07 pm - IMG CRON - Image: 258986, Task: 172, Done
13/03/2023 10:39:59 pm - IMG CRON - Image: 258998, Task: 176, Done
14/03/2023 01:20:37 am - IMG CRON - Image: 259015, Task: 177, Done
14/03/2023 01:54:42 am - IMG CRON - Image: 259027, Task: 185, Done
14/03/2023 01:54:42 am - IMG CRON - Image: 259026, Task: 184, Fail, 0
14/03/2023 01:54:43 am - IMG CRON - Image: 259025, Task: 183, Done
14/03/2023 01:54:43 am - IMG CRON - Image: 259024, Task: 182, Done
14/03/2023 02:02:02 am - IMG CRON - Image: 259031, Task: 189, Done
14/03/2023 02:02:03 am - IMG CRON - Image: 259030, Task: 188, Done
14/03/2023 02:02:03 am - IMG CRON - Image: 259029, Task: 187, Done
14/03/2023 02:02:04 am - IMG CRON - Image: 259028, Task: 186, Done
14/03/2023 04:25:26 am - IMG CRON - Image: 259023, Task: 181, Done
14/03/2023 04:25:26 am - IMG CRON - Image: 259020, Task: 180, Done
14/03/2023 04:25:26 am - IMG CRON - Image: 259019, Task: 179, Fail, 0
14/03/2023 04:25:26 am - IMG CRON - Image: 259016, Task: 178, Fail, 0
16/03/2023 06:28:49 am - IMG CRON - Image: 259077, Task: 191, Done
16/03/2023 06:29:23 am - IMG CRON - Image: 259076, Task: 190, Done
20/03/2023 11:17:40 pm - IMG CRON - Image: 259116, Task: 195, Done
20/03/2023 11:17:49 pm - IMG CRON - Image: 259115, Task: 194, Done
20/03/2023 11:18:07 pm - IMG CRON - Image: 259114, Task: 193, Done
20/03/2023 11:18:22 pm - IMG CRON - Image: 259113, Task: 192, Done
21/03/2023 01:00:22 am - IMG CRON - Image: 259137, Task: 197, Done
21/03/2023 01:00:22 am - IMG CRON - Image: 259135, Task: 196, Fail, 0
21/03/2023 01:08:20 am - IMG CRON - Image: 259139, Task: 198, Done
21/03/2023 03:40:20 am - IMG CRON - Image: 259158, Task: 200, Done
21/03/2023 03:40:23 am - IMG CRON - Image: 259142, Task: 199, Done
25/03/2023 06:37:23 am - IMG CRON - Image: 259195, Task: 206, Done
25/03/2023 06:37:23 am - IMG CRON - Image: 259194, Task: 205, Done
25/03/2023 06:37:23 am - IMG CRON - Image: 259193, Task: 204, Done
25/03/2023 06:37:23 am - IMG CRON - Image: 259192, Task: 203, Done
25/03/2023 06:51:18 am - IMG CRON - Image: 259191, Task: 202, Done
25/03/2023 06:51:18 am - IMG CRON - Image: 259190, Task: 201, Done
25/03/2023 07:22:14 am - IMG CRON - Image: 259225, Task: 208, Fail, Array
(
)

25/03/2023 07:22:14 am - IMG CRON - Image: 259223, Task: 207, Fail, 0
25/03/2023 08:08:27 am - IMG CRON - Image: 259237, Task: 210, Fail, Array
(
)

25/03/2023 08:08:27 am - IMG CRON - Image: 259232, Task: 209, Fail, 0
26/03/2023 08:16:55 am - IMG CRON - Image: 259338, Task: 213, Done
26/03/2023 08:16:55 am - IMG CRON - Image: 259337, Task: 212, Done
26/03/2023 08:16:56 am - IMG CRON - Image: 259336, Task: 211, Done
26/03/2023 09:07:41 am - IMG CRON - Image: 259349, Task: 220, Done
26/03/2023 09:07:42 am - IMG CRON - Image: 259347, Task: 219, Done
26/03/2023 09:07:42 am - IMG CRON - Image: 259346, Task: 218, Done
26/03/2023 09:07:42 am - IMG CRON - Image: 259345, Task: 217, Done
26/03/2023 09:11:35 am - IMG CRON - Image: 259344, Task: 216, Done
26/03/2023 09:11:35 am - IMG CRON - Image: 259343, Task: 215, Done
26/03/2023 09:11:36 am - IMG CRON - Image: 259342, Task: 214, Done
27/03/2023 04:18:53 am - IMG CRON - Image: 259350, Task: 221, Done
30/03/2023 06:38:10 am - IMG CRON - Image: 259453, Task: 237, Done
30/03/2023 06:38:12 am - IMG CRON - Image: 259452, Task: 236, Done
30/03/2023 06:38:14 am - IMG CRON - Image: 259451, Task: 235, Done
30/03/2023 06:38:16 am - IMG CRON - Image: 259450, Task: 234, Done
30/03/2023 06:48:53 am - IMG CRON - Image: 259457, Task: 238, Done
30/03/2023 06:48:55 am - IMG CRON - Image: 259449, Task: 233, Done
30/03/2023 06:48:57 am - IMG CRON - Image: 259446, Task: 232, Done
30/03/2023 06:48:59 am - IMG CRON - Image: 259445, Task: 231, Done
30/03/2023 06:54:14 am - IMG CRON - Image: 259459, Task: 239, Done
30/03/2023 06:54:15 am - IMG CRON - Image: 259444, Task: 230, Done
30/03/2023 06:54:15 am - IMG CRON - Image: 259442, Task: 229, Fail, 0
30/03/2023 06:54:15 am - IMG CRON - Image: 259441, Task: 228, Fail, 0
30/03/2023 06:59:20 am - IMG CRON - Image: 259440, Task: 227, Fail, 0
30/03/2023 06:59:20 am - IMG CRON - Image: 259439, Task: 226, Fail, 0
30/03/2023 06:59:20 am - IMG CRON - Image: 259438, Task: 225, Fail, 0
30/03/2023 06:59:20 am - IMG CRON - Image: 259437, Task: 224, Fail, 0
30/03/2023 07:42:20 am - IMG CRON - Image: 259488, Task: 245, Done
30/03/2023 07:42:21 am - IMG CRON - Image: 259483, Task: 244, Done
30/03/2023 07:42:22 am - IMG CRON - Image: 259482, Task: 243, Done
30/03/2023 07:42:22 am - IMG CRON - Image: 259481, Task: 242, Fail, 0
30/03/2023 08:14:49 am - IMG CRON - Image: 259480, Task: 241, Fail, 0
30/03/2023 08:14:51 am - IMG CRON - Image: 259462, Task: 240, Done
30/03/2023 08:14:51 am - IMG CRON - Image: 259436, Task: 223, Fail, 0
30/03/2023 08:14:51 am - IMG CRON - Image: 259435, Task: 222, Fail, 0
30/03/2023 10:39:17 pm - IMG CRON - Image: 259538, Task: 293, Done
30/03/2023 10:39:17 pm - IMG CRON - Image: 259537, Task: 292, Fail, 0
30/03/2023 10:39:19 pm - IMG CRON - Image: 259536, Task: 291, Done
30/03/2023 10:39:20 pm - IMG CRON - Image: 259535, Task: 290, Done
30/03/2023 11:08:11 pm - IMG CRON - Image: 259555, Task: 299, Done
30/03/2023 11:08:12 pm - IMG CRON - Image: 259554, Task: 298, Done
30/03/2023 11:08:12 pm - IMG CRON - Image: 259553, Task: 297, Done
30/03/2023 11:08:12 pm - IMG CRON - Image: 259550, Task: 296, Fail, Array
(
)

30/03/2023 11:09:03 pm - IMG CRON - Image: 259558, Task: 301, Done
30/03/2023 11:09:03 pm - IMG CRON - Image: 259557, Task: 300, Fail, Array
(
)

30/03/2023 11:09:03 pm - IMG CRON - Image: 259549, Task: 295, Fail, Array
(
)

30/03/2023 11:09:03 pm - IMG CRON - Image: 259548, Task: 294, Fail, Array
(
)

30/03/2023 11:38:05 pm - IMG CRON - Image: 259534, Task: 289, Done
30/03/2023 11:38:06 pm - IMG CRON - Image: 259533, Task: 288, Done
30/03/2023 11:38:08 pm - IMG CRON - Image: 259532, Task: 287, Done
30/03/2023 11:38:09 pm - IMG CRON - Image: 259531, Task: 286, Done
31/03/2023 12:12:59 am - IMG CRON - Image: 259565, Task: 304, Fail, Array
(
)

31/03/2023 12:12:59 am - IMG CRON - Image: 259562, Task: 303, Done
31/03/2023 12:12:59 am - IMG CRON - Image: 259561, Task: 302, Fail, Array
(
)

31/03/2023 12:13:00 am - IMG CRON - Image: 259530, Task: 285, Done
31/03/2023 12:44:20 am - IMG CRON - Image: 259598, Task: 311, Done
31/03/2023 12:44:40 am - IMG CRON - Image: 259597, Task: 310, Done
31/03/2023 12:44:56 am - IMG CRON - Image: 259596, Task: 309, Done
31/03/2023 12:45:11 am - IMG CRON - Image: 259595, Task: 308, Done
31/03/2023 01:02:13 am - IMG CRON - Image: 259594, Task: 307, Done
31/03/2023 01:02:40 am - IMG CRON - Image: 259593, Task: 306, Done
31/03/2023 01:02:49 am - IMG CRON - Image: 259592, Task: 305, Done
31/03/2023 01:02:51 am - IMG CRON - Image: 259529, Task: 284, Done
31/03/2023 01:19:13 am - IMG CRON - Image: 259528, Task: 283, Done
31/03/2023 01:19:15 am - IMG CRON - Image: 259527, Task: 282, Done
31/03/2023 01:19:15 am - IMG CRON - Image: 259526, Task: 281, Fail, 0
31/03/2023 01:19:16 am - IMG CRON - Image: 259525, Task: 280, Done
31/03/2023 01:29:48 am - IMG CRON - Image: 259524, Task: 279, Done
31/03/2023 01:29:50 am - IMG CRON - Image: 259523, Task: 278, Done
31/03/2023 01:29:51 am - IMG CRON - Image: 259522, Task: 277, Done
31/03/2023 01:29:53 am - IMG CRON - Image: 259521, Task: 276, Done
31/03/2023 01:35:18 am - IMG CRON - Image: 259520, Task: 275, Done
31/03/2023 01:35:20 am - IMG CRON - Image: 259519, Task: 274, Done
31/03/2023 01:35:22 am - IMG CRON - Image: 259518, Task: 273, Done
31/03/2023 01:35:23 am - IMG CRON - Image: 259517, Task: 272, Done
31/03/2023 01:40:42 am - IMG CRON - Image: 259516, Task: 271, Done
31/03/2023 01:40:43 am - IMG CRON - Image: 259515, Task: 270, Done
31/03/2023 01:40:44 am - IMG CRON - Image: 259514, Task: 269, Done
31/03/2023 01:40:46 am - IMG CRON - Image: 259513, Task: 268, Done
31/03/2023 01:52:36 am - IMG CRON - Image: 259512, Task: 267, Done
31/03/2023 01:52:38 am - IMG CRON - Image: 259511, Task: 266, Done
31/03/2023 01:52:39 am - IMG CRON - Image: 259510, Task: 265, Done
31/03/2023 01:52:40 am - IMG CRON - Image: 259509, Task: 264, Done
31/03/2023 07:10:35 am - IMG CRON - Image: 259508, Task: 263, Done
31/03/2023 07:10:36 am - IMG CRON - Image: 259507, Task: 262, Done
31/03/2023 07:10:37 am - IMG CRON - Image: 259506, Task: 261, Done
31/03/2023 07:10:39 am - IMG CRON - Image: 259505, Task: 260, Done
31/03/2023 07:21:14 am - IMG CRON - Image: 259504, Task: 259, Done
31/03/2023 07:21:16 am - IMG CRON - Image: 259503, Task: 258, Done
31/03/2023 07:21:17 am - IMG CRON - Image: 259502, Task: 257, Done
31/03/2023 07:21:19 am - IMG CRON - Image: 259501, Task: 256, Done
31/03/2023 07:32:42 am - IMG CRON - Image: 259500, Task: 255, Done
31/03/2023 07:32:44 am - IMG CRON - Image: 259499, Task: 254, Done
31/03/2023 07:32:45 am - IMG CRON - Image: 259498, Task: 253, Done
31/03/2023 07:32:47 am - IMG CRON - Image: 259497, Task: 252, Done
31/03/2023 01:14:36 pm - IMG CRON - Image: 259496, Task: 251, Done
31/03/2023 01:14:37 pm - IMG CRON - Image: 259495, Task: 250, Done
31/03/2023 01:14:39 pm - IMG CRON - Image: 259494, Task: 249, Done
31/03/2023 01:14:40 pm - IMG CRON - Image: 259493, Task: 248, Done
31/03/2023 07:58:07 pm - IMG CRON - Image: 259492, Task: 247, Done
31/03/2023 07:58:08 pm - IMG CRON - Image: 259491, Task: 246, Done
02/04/2023 01:38:07 am - IMG CRON - Image: 259640, Task: 313, Done
02/04/2023 01:38:08 am - IMG CRON - Image: 259638, Task: 312, Done
02/04/2023 02:15:55 am - IMG CRON - Image: 259661, Task: 316, Done
02/04/2023 02:15:55 am - IMG CRON - Image: 259660, Task: 315, Fail, 0
02/04/2023 02:15:55 am - IMG CRON - Image: 259659, Task: 314, Done
02/04/2023 05:02:15 am - IMG CRON - Image: 259690, Task: 317, Done
02/04/2023 07:54:47 am - IMG CRON - Image: 259744, Task: 320, Done
02/04/2023 07:54:49 am - IMG CRON - Image: 259740, Task: 319, Done
02/04/2023 07:54:49 am - IMG CRON - Image: 259737, Task: 318, Done
07/04/2023 07:40:02 am - IMG CRON - Image: 259800, Task: 321, Done
07/04/2023 08:12:00 am - IMG CRON - Image: 259803, Task: 323, Done
07/04/2023 08:12:01 am - IMG CRON - Image: 259801, Task: 322, Done
08/04/2023 06:42:52 am - IMG CRON - Image: 259855, Task: 324, Done
08/04/2023 04:45:59 pm - IMG CRON - Image: 259891, Task: 326, Done
08/04/2023 04:46:01 pm - IMG CRON - Image: 259890, Task: 325, Done
09/04/2023 06:36:29 am - IMG CRON - Image: 259919, Task: 350, Done
09/04/2023 06:36:30 am - IMG CRON - Image: 259918, Task: 349, Done
09/04/2023 06:36:46 am - IMG CRON - Image: 259917, Task: 348, Done
09/04/2023 06:36:48 am - IMG CRON - Image: 259916, Task: 347, Done
09/04/2023 06:52:45 am - IMG CRON - Image: 259915, Task: 346, Fail, 0
09/04/2023 06:52:45 am - IMG CRON - Image: 259914, Task: 345, Fail, 0
09/04/2023 06:52:45 am - IMG CRON - Image: 259913, Task: 344, Fail, 0
09/04/2023 06:52:45 am - IMG CRON - Image: 259912, Task: 343, Fail, 0
09/04/2023 07:04:48 am - IMG CRON - Image: 259930, Task: 358, Done
09/04/2023 07:04:49 am - IMG CRON - Image: 259929, Task: 357, Done
09/04/2023 07:04:49 am - IMG CRON - Image: 259928, Task: 356, Done
09/04/2023 07:04:50 am - IMG CRON - Image: 259927, Task: 355, Done
09/04/2023 07:26:54 am - IMG CRON - Image: 259947, Task: 374, Done
09/04/2023 07:26:55 am - IMG CRON - Image: 259946, Task: 373, Done
09/04/2023 07:26:56 am - IMG CRON - Image: 259945, Task: 372, Done
09/04/2023 07:26:57 am - IMG CRON - Image: 259944, Task: 371, Done
09/04/2023 07:30:36 am - IMG CRON - Image: 259943, Task: 370, Done
09/04/2023 07:30:36 am - IMG CRON - Image: 259942, Task: 369, Done
09/04/2023 07:30:37 am - IMG CRON - Image: 259941, Task: 368, Done
09/04/2023 07:30:38 am - IMG CRON - Image: 259940, Task: 367, Done
09/04/2023 07:41:12 am - IMG CRON - Image: 259939, Task: 366, Done
09/04/2023 07:41:13 am - IMG CRON - Image: 259938, Task: 365, Done
09/04/2023 07:41:13 am - IMG CRON - Image: 259937, Task: 364, Done
09/04/2023 07:41:14 am - IMG CRON - Image: 259936, Task: 363, Done
09/04/2023 07:48:13 am - IMG CRON - Image: 259935, Task: 362, Done
09/04/2023 07:48:13 am - IMG CRON - Image: 259934, Task: 361, Done
09/04/2023 07:48:14 am - IMG CRON - Image: 259933, Task: 360, Done
09/04/2023 07:48:15 am - IMG CRON - Image: 259932, Task: 359, Done
09/04/2023 07:50:21 am - IMG CRON - Image: 259926, Task: 354, Done
09/04/2023 07:50:22 am - IMG CRON - Image: 259925, Task: 353, Done
09/04/2023 07:50:23 am - IMG CRON - Image: 259924, Task: 352, Done
09/04/2023 07:50:23 am - IMG CRON - Image: 259923, Task: 351, Done
09/04/2023 08:08:11 am - IMG CRON - Image: 259911, Task: 342, Fail, 0
09/04/2023 08:08:11 am - IMG CRON - Image: 259910, Task: 341, Fail, 0
09/04/2023 08:08:11 am - IMG CRON - Image: 259909, Task: 340, Fail, 0
09/04/2023 08:08:11 am - IMG CRON - Image: 259908, Task: 339, Fail, 0
09/04/2023 08:19:01 am - IMG CRON - Image: 259907, Task: 338, Fail, 0
09/04/2023 08:19:01 am - IMG CRON - Image: 259906, Task: 337, Fail, 0
09/04/2023 08:19:01 am - IMG CRON - Image: 259905, Task: 336, Fail, 0
09/04/2023 08:19:01 am - IMG CRON - Image: 259904, Task: 335, Fail, 0
09/04/2023 08:21:09 am - IMG CRON - Image: 259903, Task: 334, Fail, 0
09/04/2023 08:21:09 am - IMG CRON - Image: 259902, Task: 333, Fail, 0
09/04/2023 08:21:09 am - IMG CRON - Image: 259901, Task: 332, Fail, 0
09/04/2023 08:21:09 am - IMG CRON - Image: 259900, Task: 331, Fail, 0
09/04/2023 08:35:55 am - IMG CRON - Image: 259899, Task: 330, Fail, 0
09/04/2023 08:35:55 am - IMG CRON - Image: 259898, Task: 329, Fail, 0
09/04/2023 08:35:55 am - IMG CRON - Image: 259897, Task: 328, Fail, 0
09/04/2023 08:35:55 am - IMG CRON - Image: 259896, Task: 327, Fail, 0
